
========================================================================
  [dirty_anim] Dirty-region animation verification
========================================================================
  Command: C:\Users\Lenovo\AppData\Local\Python\pythoncore-3.14-64\python.exe D:\workspace\gitee\EmbeddedGUI\scripts\checks\code_dirty_animation_check.py --bits64

  Parallel subcommands:
    - [core] C:\Users\Lenovo\AppData\Local\Python\pythoncore-3.14-64\python.exe D:\workspace\gitee\EmbeddedGUI\scripts\checks\code_dirty_animation_check.py --bits64 --scenario activity_ring --scenario analog_clock --scenario spinner
    - [showcase] C:\Users\Lenovo\AppData\Local\Python\pythoncore-3.14-64\python.exe D:\workspace\gitee\EmbeddedGUI\scripts\checks\code_dirty_animation_check.py --bits64 --scenario animated_image --scenario showcase --scenario virtual_stage_showcase
  [1/2] showcase PASS
  [2/2] core PASS

========================================================================
  [stage_parity] Virtual stage showcase parity verification
========================================================================
  Command: C:\Users\Lenovo\AppData\Local\Python\pythoncore-3.14-64\python.exe D:\workspace\gitee\EmbeddedGUI\scripts\checks\showcase_stage_parity_check.py --timeout 35 --jobs 2 --bits64

== Showcase Stage Parity Check ==
[PASS] HelloShowcase: 5 frames captured -> D:\workspace\gitee\EmbeddedGUI\runtime_check_output\HelloShowcase\parity_showcase
[PASS] HelloVirtual_virtual_stage_showcase: 5 frames captured -> D:\workspace\gitee\EmbeddedGUI\runtime_check_output\HelloVirtual_virtual_stage_showcase\parity_stage
Showcase states: dark_initial=frame_0001.png, light_en=frame_0002.png, light_cn=frame_0003.png
Stage states: dark_initial=frame_0001.png, light_en=frame_0002.png, light_cn=frame_0003.png
[PASS] dark_initial: PASS showcase=frame_0001.png stage=frame_0001.png mean_abs=0.145 rms=4.656 hot_ratio=0.00142 compare=runtime_check_output\HelloVirtual_virtual_stage_showcase\parity_stage\compare_dark_initial.png
[PASS] light_en: PASS showcase=frame_0002.png stage=frame_0002.png mean_abs=0.088 rms=3.481 hot_ratio=0.00133 compare=runtime_check_output\HelloVirtual_virtual_stage_showcase\parity_stage\compare_light_en.png
[PASS] light_cn: PASS showcase=frame_0003.png stage=frame_0003.png mean_abs=0.088 rms=3.471 hot_ratio=0.00134 compare=runtime_check_output\HelloVirtual_virtual_stage_showcase\parity_stage\compare_light_cn.png
Result: ALL PASSED

========================================================================
  [basic_render] HelloBasic render and interaction workflow
========================================================================
  Command: C:\Users\Lenovo\AppData\Local\Python\pythoncore-3.14-64\python.exe D:\workspace\gitee\EmbeddedGUI\scripts\checks\hello_basic_render_workflow.py --app HelloBasic --suite basic --skip-unit-tests --bits64

  Parallel subcommands:
    - [shard-1] C:\Users\Lenovo\AppData\Local\Python\pythoncore-3.14-64\python.exe D:\workspace\gitee\EmbeddedGUI\scripts\checks\hello_basic_render_workflow.py --app HelloBasic --suite basic --skip-unit-tests --shard-count 4 --shard-index 1 --make-jobs 4 --bits64
    - [shard-2] C:\Users\Lenovo\AppData\Local\Python\pythoncore-3.14-64\python.exe D:\workspace\gitee\EmbeddedGUI\scripts\checks\hello_basic_render_workflow.py --app HelloBasic --suite basic --skip-unit-tests --shard-count 4 --shard-index 2 --make-jobs 4 --bits64
    - [shard-3] C:\Users\Lenovo\AppData\Local\Python\pythoncore-3.14-64\python.exe D:\workspace\gitee\EmbeddedGUI\scripts\checks\hello_basic_render_workflow.py --app HelloBasic --suite basic --skip-unit-tests --shard-count 4 --shard-index 3 --make-jobs 4 --bits64
    - [shard-4] C:\Users\Lenovo\AppData\Local\Python\pythoncore-3.14-64\python.exe D:\workspace\gitee\EmbeddedGUI\scripts\checks\hello_basic_render_workflow.py --app HelloBasic --suite basic --skip-unit-tests --shard-count 4 --shard-index 4 --make-jobs 4 --bits64
  [1/4] shard-4 PASS
  [2/4] shard-2 PASS
  [3/4] shard-1 PASS
  [4/4] shard-3 PASS

========================================================================
  [virtual_render] HelloVirtual render and interaction workflow
========================================================================
  Command: C:\Users\Lenovo\AppData\Local\Python\pythoncore-3.14-64\python.exe D:\workspace\gitee\EmbeddedGUI\scripts\checks\hello_basic_render_workflow.py --app HelloVirtual --suite basic --skip-unit-tests --bits64

  Parallel subcommands:
    - [shard-1] C:\Users\Lenovo\AppData\Local\Python\pythoncore-3.14-64\python.exe D:\workspace\gitee\EmbeddedGUI\scripts\checks\hello_basic_render_workflow.py --app HelloVirtual --suite basic --skip-unit-tests --shard-count 3 --shard-index 1 --make-jobs 4 --bits64
    - [shard-2] C:\Users\Lenovo\AppData\Local\Python\pythoncore-3.14-64\python.exe D:\workspace\gitee\EmbeddedGUI\scripts\checks\hello_basic_render_workflow.py --app HelloVirtual --suite basic --skip-unit-tests --shard-count 3 --shard-index 2 --make-jobs 4 --bits64
    - [shard-3] C:\Users\Lenovo\AppData\Local\Python\pythoncore-3.14-64\python.exe D:\workspace\gitee\EmbeddedGUI\scripts\checks\hello_basic_render_workflow.py --app HelloVirtual --suite basic --skip-unit-tests --shard-count 3 --shard-index 3 --make-jobs 4 --bits64
  [1/3] shard-3 PASS
  [2/3] shard-1 PASS
  [3/3] shard-2 FAIL

  virtual_render failed in 1 subcommand(s):
  --- shard-2 ---
  Command: C:\Users\Lenovo\AppData\Local\Python\pythoncore-3.14-64\python.exe D:\workspace\gitee\EmbeddedGUI\scripts\checks\hello_basic_render_workflow.py --app HelloVirtual --suite basic --skip-unit-tests --shard-count 3 --shard-index 2 --make-jobs 4 --bits64
  stdout:
    [INFO] Widget shard: 2/3, selected 6 widgets
    [PASS] isolated runtime build dirs enabled
    [1/6] HelloVirtual/grid_view_basic
    [PASS] grid_view_basic - render ok, interaction 4/2
    [2/6] HelloVirtual/virtual_grid
    [PASS] virtual_grid - render ok, interaction 9/1
    [3/6] HelloVirtual/virtual_page_basic
    (retry slow-host mode: runtime self-check failed: [RUNTIME_CHECK_FAIL] section click did not update selected section) [FAIL] virtual_page_basic - runtime self-check failed: [RUNTIME_CHECK_FAIL] section click did not update selected section
    [4/6] HelloVirtual/virtual_stage
    [PASS] virtual_stage - render ok, interaction 32/2
    [5/6] HelloVirtual/virtual_strip
    [PASS] virtual_strip - render ok, interaction 16/1
    [6/6] HelloVirtual/virtual_tree_basic
    [PASS] virtual_tree_basic - render ok, interaction 7/2
    [INFO] Report: D:\workspace\gitee\EmbeddedGUI\runtime_check_output\hellovirtual_render_workflow_basic.json
    [INFO] Summary: 5 passed, 1 failed

========================================================================
  RELEASE CHECK SUMMARY
========================================================================
  [SKIP]  Code formatting (clang-format)                           -
  [SKIP]  Example icon font explicitness check                     -
  [SKIP]  Keil project file sync (src/ vs .uvprojx)                -
  [SKIP]  Full compile check (all examples)                        -
  [SKIP]  WASM demos build                                         -
  [SKIP]  Runtime verification (screenshots)                       -
  [PASS]  Dirty-region animation verification                  32.7s
  [PASS]  Virtual stage showcase parity verification           40.1s
  [PASS]  HelloBasic render and interaction workflow          4m 56s
  [FAIL]  HelloVirtual render and interaction workflow         2m 8s
  [SKIP]  Binary size analysis and documentation                   -
  [SKIP]  QEMU performance test and documentation                  -
  [SKIP]  Sphinx documentation build                               -
------------------------------------------------------------------------
  Total time: 8m 17s
  3 passed, 1 failed, 9 skipped

  ** RELEASE CHECK FAILED **
========================================================================
